app/build/intermediates/manifest_merge_blame_file/debug/manifest-merger-blame-debug-report.txt
1<?xml version="1.0" encoding="utf-8"?>
2<manifest xmlns:android="http://schemas.android.com/apk/res/android"
3    package="com.pmanager"
4    android:versionCode="1"
5    android:versionName="1.0" >
6
7    <uses-sdk
8        android:minSdkVersion="26"
9        android:targetSdkVersion="34" />
10
11    <uses-permission android:name="android.permission.USE_BIOMETRIC" />
11-->src\main\AndroidManifest.xml:5:5-72
11-->src\main\AndroidManifest.xml:5:22-69
12    <uses-permission android:name="android.permission.INTERNET" />
12-->src\main\AndroidManifest.xml:6:5-67
12-->src\main\AndroidManifest.xml:6:22-64
13
14    <!-- suppress DeprecatedClassUsageInspection -->
15    <uses-permission android:name="android.permission.USE_FINGERPRINT" />
15-->[androidx.biometric:biometric:1.1.0] AndroidManifest.xml:27:5-74
15-->[androidx.biometric:biometric:1.1.0] AndroidManifest.xml:27:22-71
16
17    <permission
17-->[androidx.core:core:1.12.0] AndroidManifest.xml:22:5-24:47
18        android:name="com.pmanager.DYNAMIC_RECEIVER_NOT_EXPORTED_PERMISSION"
18-->[androidx.core:core:1.12.0] AndroidManifest.xml:23:9-81
19        android:protectionLevel="signature" />
19-->[androidx.core:core:1.12.0] AndroidManifest.xml:24:9-44
20
21    <uses-permission android:name="com.pmanager.DYNAMIC_RECEIVER_NOT_EXPORTED_PERMISSION" />
21-->[androidx.core:core:1.12.0] AndroidManifest.xml:26:5-97
21-->[androidx.core:core:1.12.0] AndroidManifest.xml:26:22-94
22
23    <application
23-->src\main\AndroidManifest.xml:8:5-79:19
24        android:name="com.pmanager.PManagerApp"
24-->src\main\AndroidManifest.xml:9:9-36
25        android:allowBackup="true"
25-->src\main\AndroidManifest.xml:10:9-35
26        android:appComponentFactory="androidx.core.app.CoreComponentFactory"
26-->[androidx.core:core:1.12.0] AndroidManifest.xml:28:18-86
27        android:debuggable="true"
28        android:extractNativeLibs="false"
29        android:icon="@mipmap/ic_launcher"
29-->src\main\AndroidManifest.xml:11:9-43
30        android:label="@string/app_name"
30-->src\main\AndroidManifest.xml:12:9-41
31        android:roundIcon="@mipmap/ic_launcher_round"
31-->src\main\AndroidManifest.xml:13:9-54
32        android:supportsRtl="true"
32-->src\main\AndroidManifest.xml:14:9-35
33        android:theme="@style/Theme.PManager" >
33-->src\main\AndroidManifest.xml:15:9-46
34
35        <!-- Launcher Activity -->
36        <activity
36-->src\main\AndroidManifest.xml:19:9-27:20
37            android:name="com.pmanager.ui.SplashActivity"
37-->src\main\AndroidManifest.xml:20:13-46
38            android:exported="true"
38-->src\main\AndroidManifest.xml:21:13-36
39            android:theme="@style/Theme.PManager.Splash" >
39-->src\main\AndroidManifest.xml:22:13-57
40            <intent-filter>
40-->src\main\AndroidManifest.xml:23:13-26:29
41                <action android:name="android.intent.action.MAIN" />
41-->src\main\AndroidManifest.xml:24:17-69
41-->src\main\AndroidManifest.xml:24:25-66
42
43                <category android:name="android.intent.category.LAUNCHER" />
43-->src\main\AndroidManifest.xml:25:17-77
43-->src\main\AndroidManifest.xml:25:27-74
44            </intent-filter>
45        </activity>
46        <activity
46-->src\main\AndroidManifest.xml:29:9-32:58
47            android:name="com.pmanager.ui.SetupActivity"
47-->src\main\AndroidManifest.xml:30:13-45
48            android:exported="false"
48-->src\main\AndroidManifest.xml:31:13-37
49            android:windowSoftInputMode="adjustResize" />
49-->src\main\AndroidManifest.xml:32:13-55
50        <activity
50-->src\main\AndroidManifest.xml:34:9-37:58
51            android:name="com.pmanager.ui.LoginActivity"
51-->src\main\AndroidManifest.xml:35:13-45
52            android:exported="false"
52-->src\main\AndroidManifest.xml:36:13-37
53            android:windowSoftInputMode="adjustResize" />
53-->src\main\AndroidManifest.xml:37:13-55
54        <activity
54-->src\main\AndroidManifest.xml:39:9-42:55
55            android:name="com.pmanager.ui.VaultActivity"
55-->src\main\AndroidManifest.xml:40:13-45
56            android:exported="false"
56-->src\main\AndroidManifest.xml:41:13-37
57            android:windowSoftInputMode="adjustPan" />
57-->src\main\AndroidManifest.xml:42:13-52
58        <activity
58-->src\main\AndroidManifest.xml:44:9-48:62
59            android:name="com.pmanager.ui.AddEditActivity"
59-->src\main\AndroidManifest.xml:45:13-47
60            android:exported="false"
60-->src\main\AndroidManifest.xml:46:13-37
61            android:parentActivityName="com.pmanager.ui.VaultActivity"
61-->src\main\AndroidManifest.xml:48:13-59
62            android:windowSoftInputMode="adjustResize" />
62-->src\main\AndroidManifest.xml:47:13-55
63        <activity
63-->src\main\AndroidManifest.xml:50:9-53:62
64            android:name="com.pmanager.ui.PasswordDetailActivity"
64-->src\main\AndroidManifest.xml:51:13-54
65            android:exported="false"
65-->src\main\AndroidManifest.xml:52:13-37
66            android:parentActivityName="com.pmanager.ui.VaultActivity" />
66-->src\main\AndroidManifest.xml:53:13-59
67        <activity
67-->src\main\AndroidManifest.xml:55:9-58:62
68            android:name="com.pmanager.ui.SettingsActivity"
68-->src\main\AndroidManifest.xml:56:13-48
69            android:exported="false"
69-->src\main\AndroidManifest.xml:57:13-37
70            android:parentActivityName="com.pmanager.ui.VaultActivity" />
70-->src\main\AndroidManifest.xml:58:13-59
71
72        <!-- Autofill Service -->
73        <service
73-->src\main\AndroidManifest.xml:61:9-71:19
74            android:name="com.pmanager.autofill.PManagerAutofillService"
74-->src\main\AndroidManifest.xml:62:13-61
75            android:exported="true"
75-->src\main\AndroidManifest.xml:63:13-36
76            android:permission="android.permission.BIND_AUTOFILL_SERVICE" >
76-->src\main\AndroidManifest.xml:64:13-74
77            <intent-filter>
77-->src\main\AndroidManifest.xml:65:13-67:29
78                <action android:name="android.service.autofill.AutofillService" />
78-->src\main\AndroidManifest.xml:66:17-83
78-->src\main\AndroidManifest.xml:66:25-80
79            </intent-filter>
80
81            <meta-data
81-->src\main\AndroidManifest.xml:68:13-70:67
82                android:name="android.autofill"
82-->src\main\AndroidManifest.xml:69:17-48
83                android:resource="@xml/autofill_service_config" />
83-->src\main\AndroidManifest.xml:70:17-64
84        </service>
85
86        <!-- Autofill Auth Activity -->
87        <activity
87-->src\main\AndroidManifest.xml:74:9-77:60
88            android:name="com.pmanager.autofill.AutofillAuthActivity"
88-->src\main\AndroidManifest.xml:75:13-58
89            android:exported="false"
89-->src\main\AndroidManifest.xml:76:13-37
90            android:theme="@style/Theme.PManager.Dialog" />
90-->src\main\AndroidManifest.xml:77:13-57
91
92        <provider
92-->[androidx.emoji2:emoji2:1.2.0] AndroidManifest.xml:24:9-32:20
93            android:name="androidx.startup.InitializationProvider"
93-->[androidx.emoji2:emoji2:1.2.0] AndroidManifest.xml:25:13-67
94            android:authorities="com.pmanager.androidx-startup"
94-->[androidx.emoji2:emoji2:1.2.0] AndroidManifest.xml:26:13-68
95            android:exported="false" >
95-->[androidx.emoji2:emoji2:1.2.0] AndroidManifest.xml:27:13-37
96            <meta-data
96-->[androidx.emoji2:emoji2:1.2.0] AndroidManifest.xml:29:13-31:52
97                android:name="androidx.emoji2.text.EmojiCompatInitializer"
97-->[androidx.emoji2:emoji2:1.2.0] AndroidManifest.xml:30:17-75
98                android:value="androidx.startup" />
98-->[androidx.emoji2:emoji2:1.2.0] AndroidManifest.xml:31:17-49
99            <meta-data
99-->[androidx.lifecycle:lifecycle-process:2.7.0] AndroidManifest.xml:29:13-31:52
100                android:name="androidx.lifecycle.ProcessLifecycleInitializer"
100-->[androidx.lifecycle:lifecycle-process:2.7.0] AndroidManifest.xml:30:17-78
101                android:value="androidx.startup" />
101-->[androidx.lifecycle:lifecycle-process:2.7.0] AndroidManifest.xml:31:17-49
102            <meta-data
102-->[androidx.profileinstaller:profileinstaller:1.3.0] AndroidManifest.xml:29:13-31:52
103                android:name="androidx.profileinstaller.ProfileInstallerInitializer"
103-->[androidx.profileinstaller:profileinstaller:1.3.0] AndroidManifest.xml:30:17-85
104                android:value="androidx.startup" />
104-->[androidx.profileinstaller:profileinstaller:1.3.0] AndroidManifest.xml:31:17-49
105        </provider>
106
107        <service
107-->[androidx.room:room-runtime:2.6.1] AndroidManifest.xml:24:9-28:63
108            android:name="androidx.room.MultiInstanceInvalidationService"
108-->[androidx.room:room-runtime:2.6.1] AndroidManifest.xml:25:13-74
109            android:directBootAware="true"
109-->[androidx.room:room-runtime:2.6.1] AndroidManifest.xml:26:13-43
110            android:exported="false" />
110-->[androidx.room:room-runtime:2.6.1] AndroidManifest.xml:27:13-37
111
112        <receiver
112-->[androidx.profileinstaller:profileinstaller:1.3.0] AndroidManifest.xml:34:9-52:20
113            android:name="androidx.profileinstaller.ProfileInstallReceiver"
113-->[androidx.profileinstaller:profileinstaller:1.3.0] AndroidManifest.xml:35:13-76
114            android:directBootAware="false"
114-->[androidx.profileinstaller:profileinstaller:1.3.0] AndroidManifest.xml:36:13-44
115            android:enabled="true"
115-->[androidx.profileinstaller:profileinstaller:1.3.0] AndroidManifest.xml:37:13-35
116            android:exported="true"
116-->[androidx.profileinstaller:profileinstaller:1.3.0] AndroidManifest.xml:38:13-36
117            android:permission="android.permission.DUMP" >
117-->[androidx.profileinstaller:profileinstaller:1.3.0] AndroidManifest.xml:39:13-57
118            <intent-filter>
118-->[androidx.profileinstaller:profileinstaller:1.3.0] AndroidManifest.xml:40:13-42:29
119                <action android:name="androidx.profileinstaller.action.INSTALL_PROFILE" />
119-->[androidx.profileinstaller:profileinstaller:1.3.0] AndroidManifest.xml:41:17-91
119-->[androidx.profileinstaller:profileinstaller:1.3.0] AndroidManifest.xml:41:25-88
120            </intent-filter>
121            <intent-filter>
121-->[androidx.profileinstaller:profileinstaller:1.3.0] AndroidManifest.xml:43:13-45:29
122                <action android:name="androidx.profileinstaller.action.SKIP_FILE" />
122-->[androidx.profileinstaller:profileinstaller:1.3.0] AndroidManifest.xml:44:17-85
122-->[androidx.profileinstaller:profileinstaller:1.3.0] AndroidManifest.xml:44:25-82
123            </intent-filter>
124            <intent-filter>
124-->[androidx.profileinstaller:profileinstaller:1.3.0] AndroidManifest.xml:46:13-48:29
125                <action android:name="androidx.profileinstaller.action.SAVE_PROFILE" />
125-->[androidx.profileinstaller:profileinstaller:1.3.0] AndroidManifest.xml:47:17-88
125-->[androidx.profileinstaller:profileinstaller:1.3.0] AndroidManifest.xml:47:25-85
126            </intent-filter>
127            <intent-filter>
127-->[androidx.profileinstaller:profileinstaller:1.3.0] AndroidManifest.xml:49:13-51:29
128                <action android:name="androidx.profileinstaller.action.BENCHMARK_OPERATION" />
128-->[androidx.profileinstaller:profileinstaller:1.3.0] AndroidManifest.xml:50:17-95
128-->[androidx.profileinstaller:profileinstaller:1.3.0] AndroidManifest.xml:50:25-92
129            </intent-filter>
130        </receiver>
131    </application>
132
133</manifest>